[debug] [2025-08-17T16:23:51.307Z] ----------------------------------------------------------------------
[debug] [2025-08-17T16:23:51.309Z] Command:       E:\NODE\node.exe C:\Users\Luan Tran\AppData\Roaming\npm\node_modules\firebase-tools\lib\bin\firebase.js init
[debug] [2025-08-17T16:23:51.309Z] CLI Version:   14.12.1
[debug] [2025-08-17T16:23:51.309Z] Platform:      win32
[debug] [2025-08-17T16:23:51.310Z] Node Version:  v22.18.0
[debug] [2025-08-17T16:23:51.310Z] Time:          Sun Aug 17 2025 23:23:51 GMT+0700 (Indochina Time)
[debug] [2025-08-17T16:23:51.310Z] ----------------------------------------------------------------------
[debug] 
[debug] [2025-08-17T16:23:51.484Z] > command requires scopes: ["email","openid","https://www.googleapis.com/auth/cloudplatformprojects.readonly","https://www.googleapis.com/auth/firebase","https://www.googleapis.com/auth/cloud-platform"]
[debug] [2025-08-17T16:23:51.484Z] > authorizing via signed-in user (drtranluan.vinuni@gmail.com)
[info] 
     ######## #### ########  ######## ########     ###     ######  ########
     ##        ##  ##     ## ##       ##     ##  ##   ##  ##       ##
     ######    ##  ########  ######   ########  #########  ######  ######
     ##        ##  ##    ##  ##       ##     ## ##     ##       ## ##
     ##       #### ##     ## ######## ########  ##     ##  ######  ########

You're about to initialize a Firebase project in this directory:

  C:\Users\Luan Tran\ITE

Before we get started, keep in mind:

  * You are initializing within an existing Firebase project directory

[info] 
=== Project Setup
[info] 
[info] First, let's associate this project directory with a Firebase project.
[info] You can create multiple project aliases by running firebase use --add, 
[info] but for now we'll just set up a default project.
[info] 
[debug] [2025-08-17T16:24:06.797Z] Using project from CLI flag: ite-082025
[debug] [2025-08-17T16:24:06.798Z] Checked if tokens are valid: true, expires at: 1755448997414
[debug] [2025-08-17T16:24:06.798Z] Checked if tokens are valid: true, expires at: 1755448997414
[debug] [2025-08-17T16:24:06.799Z] >>> [apiv2][query] GET https://firebase.googleapis.com/v1beta1/projects/ite-082025 [none]
[debug] [2025-08-17T16:24:07.307Z] <<< [apiv2][status] GET https://firebase.googleapis.com/v1beta1/projects/ite-082025 200
[debug] [2025-08-17T16:24:07.308Z] <<< [apiv2][body] GET https://firebase.googleapis.com/v1beta1/projects/ite-082025 {"projectId":"ite-082025","projectNumber":"940154078533","displayName":"ite-2025","name":"projects/ite-082025","resources":{"hostingSite":"ite-082025"},"state":"ACTIVE","etag":"1_20ef6e1b-1e0f-4f2a-a9bc-1403b85e8add"}
[info] i  Using project ite-082025 (ite-2025) 
[info] 
=== Hosting Setup
[debug] [2025-08-17T16:24:07.507Z] Checked if tokens are valid: true, expires at: 1755448997414
[debug] [2025-08-17T16:24:07.507Z] Checked if tokens are valid: true, expires at: 1755448997414
[debug] [2025-08-17T16:24:07.507Z] >>> [apiv2][query] GET https://firebase.googleapis.com/v1beta1/projects/ite-082025 [none]
[debug] [2025-08-17T16:24:07.761Z] <<< [apiv2][status] GET https://firebase.googleapis.com/v1beta1/projects/ite-082025 200
[debug] [2025-08-17T16:24:07.761Z] <<< [apiv2][body] GET https://firebase.googleapis.com/v1beta1/projects/ite-082025 {"projectId":"ite-082025","projectNumber":"940154078533","displayName":"ite-2025","name":"projects/ite-082025","resources":{"hostingSite":"ite-082025"},"state":"ACTIVE","etag":"1_20ef6e1b-1e0f-4f2a-a9bc-1403b85e8add"}
[info] 
[info] Your public directory is the folder (relative to your project directory) that
[info] will contain Hosting assets to be uploaded with firebase deploy. If you
[info] have a build process for your assets, use your build's output directory.
[info] 
[debug] [2025-08-17T16:24:12.307Z] >>> [apiv2][query] GET https://www.gstatic.com/firebasejs/releases.json [none]
[debug] [2025-08-17T16:24:12.448Z] <<< [apiv2][status] GET https://www.gstatic.com/firebasejs/releases.json 200
[debug] [2025-08-17T16:24:12.448Z] <<< [apiv2][body] GET https://www.gstatic.com/firebasejs/releases.json {"current":{"version":"12.1.0","browserURL":"https://www.gstatic.com/firebasejs/12.1.0/firebase.js","packageURL":"https://www.gstatic.com/firebasejs/12.1.0/firebase.tgz"},"live":{"version":"12.1","browserURL":"https://www.gstatic.com/firebasejs/live/12.1/firebase.js","packageURL":"https://www.gstatic.com/firebasejs/live/12.1/firebase.tgz"},"components":{"ai":"https://www.gstatic.com/firebasejs/12.1.0/firebase-ai.js","analytics":"https://www.gstatic.com/firebasejs/12.1.0/firebase-analytics.js","app":"https://www.gstatic.com/firebasejs/12.1.0/firebase-app.js","app-check":"https://www.gstatic.com/firebasejs/12.1.0/firebase-app-check.js","auth":"https://www.gstatic.com/firebasejs/12.1.0/firebase-auth.js","auth/cordova":"https://www.gstatic.com/firebasejs/12.1.0/firebase-auth/cordova.js","auth/web-extension":"https://www.gstatic.com/firebasejs/12.1.0/firebase-auth/web-extension.js","functions":"https://www.gstatic.com/firebasejs/12.1.0/firebase-functions.js","firestore":"https://www.gstatic.com/firebasejs/12.1.0/firebase-firestore.js","firestore/lite":"https://www.gstatic.com/firebasejs/12.1.0/firebase-firestore/lite.js","installations":"https://www.gstatic.com/firebasejs/12.1.0/firebase-installations.js","storage":"https://www.gstatic.com/firebasejs/12.1.0/firebase-storage.js","performance":"https://www.gstatic.com/firebasejs/12.1.0/firebase-performance.js","remote-config":"https://www.gstatic.com/firebasejs/12.1.0/firebase-remote-config.js","messaging":"https://www.gstatic.com/firebasejs/12.1.0/firebase-messaging.js","messaging/sw":"https://www.gstatic.com/firebasejs/12.1.0/firebase-messaging/sw.js","database":"https://www.gstatic.com/firebasejs/12.1.0/firebase-database.js","data-connect":"https://www.gstatic.com/firebasejs/12.1.0/firebase-data-connect.js","firestore.memory":"https://www.gstatic.com/firebasejs/12.1.0/firebase-firestore.memory.js"}}
[info] i  public/index.html is unchanged 
[info] 
[info] i  Didn't detect a .git folder. Assuming C:\Users\Luan Tran\ITE is the project root. 
[info] i  Authorizing with GitHub to upload your service account to a GitHub repository's secrets store. 
[info] 
[info] Visit this URL on this device to log in:
[info] https://github.com/login/oauth/authorize?client_id=89cf50f02ac6aaed3484&state=1009269169&redirect_uri=http%3A%2F%2Flocalhost%3A9005&scope=read%3Auser%20repo%20public_repo
[info] 
[info] Waiting for authentication...
